"x"
"1" "abind"
"2" "afex"
"3" "BayesFactor"
"4" "bayestestR"
"5" "BiocManager"
"6" "boot"
"7" "brew"
"8" "broom"
"9" "ca"
"10" "car"
"11" "carData"
"12" "caret"
"13" "caTools"
"14" "cellranger"
"15" "coda"
"16" "commonmark"
"17" "contfrac"
"18" "covid19us"
"19" "covr"
"20" "crosstalk"
"21" "curl"
"22" "DBI"
"23" "dbplyr"
"24" "deSolve"
"25" "devtools"
"26" "doParallel"
"27" "dplyr"
"28" "DT"
"29" "e1071"
"30" "earth"
"31" "effectsize"
"32" "ellipsis"
"33" "elliptic"
"34" "emmeans"
"35" "estimability"
"36" "evaluate"
"37" "extrafont"
"38" "extrafontdb"
"39" "fastmatch"
"40" "forcats"
"41" "foreign"
"42" "Formula"
"43" "gcookbook"
"44" "gdata"
"45" "GGally"
"46" "ggeffects"
"47" "ggplot2"
"48" "ggrepel"
"49" "ggridges"
"50" "gnm"
"51" "GPArotation"
"52" "gplots"
"53" "gtools"
"54" "GuardianR"
"55" "haven"
"56" "highr"
"57" "hms"
"58" "htmltools"
"59" "htmlwidgets"
"60" "httr"
"61" "hypergeo"
"62" "igraph"
"63" "insight"
"64" "isoband"
"65" "ISOcodes"
"66" "jmv"
"67" "jmvcore"
"68" "knitr"
"69" "later"
"70" "lavaan"
"71" "lifecycle"
"72" "lme4"
"73" "lmerTest"
"74" "lmtest"
"75" "maptools"
"76" "markdown"
"77" "MatrixModels"
"78" "minqa"
"79" "mnormt"
"80" "ModelMetrics"
"81" "modelr"
"82" "multcomp"
"83" "mvnormtest"
"84" "mvtnorm"
"85" "network"
"86" "nloptr"
"87" "NLP"
"88" "openxlsx"
"89" "parameters"
"90" "pbapply"
"91" "pbivnorm"
"92" "pbkrtest"
"93" "performance"
"94" "pillar"
"95" "plotmo"
"96" "plotrix"
"97" "PMCMR"
"98" "praise"
"99" "printr"
"100" "pROC"
"101" "progress"
"102" "promises"
"103" "psych"
"104" "purrr"
"105" "quantreg"
"106" "qvcalc"
"107" "rcmdcheck"
"108" "Rcpp"
"109" "RcppArmadillo"
"110" "RcppParallel"
"111" "RcppProgress"
"112" "readr"
"113" "readxl"
"114" "recipes"
"115" "relimp"
"116" "rematch"
"117" "remotes"
"118" "reprex"
"119" "reshape"
"120" "rex"
"121" "rio"
"122" "rjson"
"123" "RJSONIO"
"124" "rlang"
"125" "rmarkdown"
"126" "ROCR"
"127" "roxygen2"
"128" "rprojroot"
"129" "Rttf2pt1"
"130" "rversions"
"131" "rvest"
"132" "sandwich"
"133" "selectr"
"134" "sjlabelled"
"135" "sjmisc"
"136" "sjPlot"
"137" "sjstats"
"138" "slam"
"139" "sna"
"140" "snakecase"
"141" "SnowballC"
"142" "sp"
"143" "SparseM"
"144" "statnet.common"
"145" "stopwords"
"146" "TeachingDemos"
"147" "testthat"
"148" "texreg"
"149" "TH.data"
"150" "tibble"
"151" "tidyr"
"152" "tidyverse"
"153" "tinytex"
"154" "tm"
"155" "tokenbrowser"
"156" "udpipe"
"157" "vcd"
"158" "vcdExtra"
"159" "vctrs"
"160" "wordcloud"
"161" "xfun"
"162" "xml2"
"163" "xtable"
"164" "zip"
"165" "zoo"
"166" "askpass"
"167" "assertthat"
"168" "backports"
"169" "base"
"170" "base64enc"
"171" "BH"
"172" "BiocManager"
"173" "bitops"
"174" "callr"
"175" "caret"
"176" "checkmate"
"177" "class"
"178" "cli"
"179" "clipr"
"180" "clisymbols"
"181" "codetools"
"182" "colorspace"
"183" "compiler"
"184" "config"
"185" "crayon"
"186" "curl"
"187" "datasets"
"188" "data.table"
"189" "desc"
"190" "devtools"
"191" "digest"
"192" "dplyr"
"193" "fansi"
"194" "foreach"
"195" "fs"
"196" "generics"
"197" "ggplot2"
"198" "gh"
"199" "git2r"
"200" "glue"
"201" "gower"
"202" "graphics"
"203" "grDevices"
"204" "grid"
"205" "gridExtra"
"206" "gtable"
"207" "h2o"
"208" "httr"
"209" "ini"
"210" "inline"
"211" "ipred"
"212" "iterators"
"213" "jsonlite"
"214" "keras"
"215" "KernSmooth"
"216" "labeling"
"217" "lattice"
"218" "lava"
"219" "lazyeval"
"220" "loo"
"221" "lubridate"
"222" "magrittr"
"223" "MASS"
"224" "Matrix"
"225" "matrixStats"
"226" "memoise"
"227" "methods"
"228" "mgcv"
"229" "mime"
"230" "ModelMetrics"
"231" "munsell"
"232" "nlme"
"233" "nnet"
"234" "numDeriv"
"235" "openssl"
"236" "parallel"
"237" "pillar"
"238" "pkgbuild"
"239" "pkgconfig"
"240" "pkgload"
"241" "plogr"
"242" "plyr"
"243" "prettyunits"
"244" "processx"
"245" "prodlim"
"246" "ps"
"247" "purrr"
"248" "R6"
"249" "rcmdcheck"
"250" "RColorBrewer"
"251" "Rcpp"
"252" "RcppEigen"
"253" "RcppRoll"
"254" "RCurl"
"255" "recipes"
"256" "remotes"
"257" "reshape2"
"258" "reticulate"
"259" "rlang"
"260" "rpart"
"261" "rprojroot"
"262" "rstan"
"263" "rstudioapi"
"264" "scales"
"265" "sessioninfo"
"266" "splines"
"267" "SQUAREM"
"268" "StanHeaders"
"269" "stats"
"270" "stats4"
"271" "stringi"
"272" "stringr"
"273" "survival"
"274" "sys"
"275" "tcltk"
"276" "tensorflow"
"277" "tfruns"
"278" "tibble"
"279" "tidyr"
"280" "tidyselect"
"281" "timeDate"
"282" "tools"
"283" "usethis"
"284" "utf8"
"285" "utils"
"286" "viridisLite"
"287" "whisker"
"288" "withr"
"289" "xopen"
"290" "yaml"
"291" "zeallot"
